<?xml version="1.0" encoding="UTF-8"?>
<testng-results ignored="0" total="1" passed="1" failed="0" skipped="0">
  <reporter-output>
  </reporter-output>
  <suite started-at="2023-04-02T18:11:27 IST" name="Default suite" finished-at="2023-04-02T18:12:06 IST" duration-ms="39345">
    <groups>
    </groups>
    <test started-at="2023-04-02T18:11:27 IST" name="Default test" finished-at="2023-04-02T18:12:06 IST" duration-ms="39345">
      <class name="ModuleTestClass.FlightBooking">
        <test-method is-config="true" signature="openBrowser()[pri:0, instance:ModuleTestClass.FlightBooking@6d4d66d2]" started-at="2023-04-02T18:11:27 IST" name="openBrowser" finished-at="2023-04-02T18:11:33 IST" duration-ms="5838" status="PASS">
          <reporter-output>
          </reporter-output>
        </test-method> <!-- openBrowser -->
        <test-method is-config="true" signature="searchFlights()[pri:0, instance:ModuleTestClass.FlightBooking@6d4d66d2]" started-at="2023-04-02T18:11:33 IST" name="searchFlights" finished-at="2023-04-02T18:12:06 IST" duration-ms="33341" status="PASS">
          <reporter-output>
          </reporter-output>
        </test-method> <!-- searchFlights -->
        <test-method signature="verifyUserID()[pri:0, instance:ModuleTestClass.FlightBooking@6d4d66d2]" started-at="2023-04-02T18:12:06 IST" name="verifyUserID" finished-at="2023-04-02T18:12:06 IST" duration-ms="68" status="PASS">
          <reporter-output>
          </reporter-output>
        </test-method> <!-- verifyUserID -->
        <test-method is-config="true" signature="logoutFromApp(org.testng.ITestResult)[pri:0, instance:ModuleTestClass.FlightBooking@6d4d66d2]" started-at="2023-04-02T18:12:06 IST" name="logoutFromApp" finished-at="2023-04-02T18:12:06 IST" duration-ms="8" status="PASS">
          <params>
            <param index="0">
              <value>
                <![CDATA[[TestResult name=verifyUserID status=SUCCESS method=FlightBooking.verifyUserID()[pri:0, instance:ModuleTestClass.FlightBooking@6d4d66d2] output={null}]]]>
              </value>
            </param>
          </params>
          <reporter-output>
          </reporter-output>
        </test-method> <!-- logoutFromApp -->
        <test-method is-config="true" signature="closeBrowser()[pri:0, instance:ModuleTestClass.FlightBooking@6d4d66d2]" started-at="2023-04-02T18:12:06 IST" name="closeBrowser" finished-at="2023-04-02T18:12:06 IST" duration-ms="3" status="PASS">
          <reporter-output>
          </reporter-output>
        </test-method> <!-- closeBrowser -->
      </class> <!-- ModuleTestClass.FlightBooking -->
    </test> <!-- Default test -->
  </suite> <!-- Default suite -->
</testng-results>
